Unity Editor version:    2021.3.1f1 (3b70a0754835)
Branch:                  2021.3/staging
Build type:              Release
Batch mode:              YES
macOS version:           Version 12.0.1 (Build 21A559)
Darwin version:          21.1.0
Architecture:            x86_64
Running under Rosetta:   YES
Available memory:        16384 MB
Using pre-set license
Pro License: YES

COMMAND LINE ARGUMENTS:
/Applications/Unity/Hub/Editor/2021.3.1f1/Unity.app/Contents/MacOS/Unity
-adb2
-batchMode
-noUpm
-name
AssetImportWorker0
-projectPath
/Users/alanlee/Desktop/CS program/Flappy Bird (Unity)
-logFile
Logs/AssetImportWorker0.log
-srvPort
50265
Successfully changed project path to: /Users/alanlee/Desktop/CS program/Flappy Bird (Unity)
/Users/alanlee/Desktop/CS program/Flappy Bird (Unity)
[UnityMemory] Configuration Parameters - Can be set up in boot.config
    "memorysetup-bucket-allocator-granularity=16"
    "memorysetup-bucket-allocator-bucket-count=8"
    "memorysetup-bucket-allocator-block-size=33554432"
    "memorysetup-bucket-allocator-block-count=8"
    "memorysetup-main-allocator-block-size=16777216"
    "memorysetup-thread-allocator-block-size=16777216"
    "memorysetup-gfx-main-allocator-block-size=16777216"
    "memorysetup-gfx-thread-allocator-block-size=16777216"
    "memorysetup-cache-allocator-block-size=4194304"
    "memorysetup-typetree-allocator-block-size=2097152"
    "memorysetup-profiler-bucket-allocator-granularity=16"
    "memorysetup-profiler-bucket-allocator-bucket-count=8"
    "memorysetup-profiler-bucket-allocator-block-size=33554432"
    "memorysetup-profiler-bucket-allocator-block-count=8"
    "memorysetup-profiler-allocator-block-size=16777216"
    "memorysetup-profiler-editor-allocator-block-size=1048576"
    "memorysetup-temp-allocator-size-main=16777216"
    "memorysetup-job-temp-allocator-block-size=2097152"
    "memorysetup-job-temp-allocator-block-size-background=1048576"
    "memorysetup-job-temp-allocator-reduction-small-platforms=262144"
    "memorysetup-temp-allocator-size-background-worker=32768"
    "memorysetup-temp-allocator-size-job-worker=262144"
    "memorysetup-temp-allocator-size-preload-manager=33554432"
    "memorysetup-temp-allocator-size-nav-mesh-worker=65536"
    "memorysetup-temp-allocator-size-audio-worker=65536"
    "memorysetup-temp-allocator-size-cloud-worker=32768"
    "memorysetup-temp-allocator-size-gi-baking-worker=262144"
    "memorysetup-temp-allocator-size-gfx=262144"
Refreshing native plugins compatible for Editor in 110.96 ms, found 3 plugins.
Preloading 0 native plugins for Editor in 0.00 ms.
Initialize engine version: 2021.3.1f1 (3b70a0754835)
[Subsystems] Discovering subsystems at path /Applications/Unity/Hub/Editor/2021.3.1f1/Unity.app/Contents/Resources/UnitySubsystems
[Subsystems] Discovering subsystems at path /Users/alanlee/Desktop/CS program/Flappy Bird (Unity)/Assets
GfxDevice: creating device client; threaded=0; jobified=0
 preferred device: Apple M1 Pro (high power)
Metal devices available: 1
0: Apple M1 Pro (high power)
Using device Apple M1 Pro (high power)
Initializing Metal device caps: Apple M1 Pro
Initialize mono
Mono path[0] = '/Applications/Unity/Hub/Editor/2021.3.1f1/Unity.app/Contents/Managed'
Mono path[1] = '/Applications/Unity/Hub/Editor/2021.3.1f1/Unity.app/Contents/MonoBleedingEdge/lib/mono/unityjit-macos'
Mono config path = '/Applications/Unity/Hub/Editor/2021.3.1f1/Unity.app/Contents/MonoBleedingEdge/etc'
Using monoOptions --debugger-agent=transport=dt_socket,embedding=1,server=y,suspend=n,address=127.0.0.1:56845
Begin MonoManager ReloadAssembly
Registering precompiled unity dll's ...
Register platform support module: /Applications/Unity/Hub/Editor/2021.3.1f1/PlaybackEngines/WebGLSupport/UnityEditor.WebGL.Extensions.dll
Register platform support module: /Applications/Unity/Hub/Editor/2021.3.1f1/Unity.app/Contents/PlaybackEngines/MacStandaloneSupport/UnityEditor.OSXStandalone.Extensions.dll
Registered in 0.002911 seconds.
Native extension for OSXStandalone target not found
Native extension for WebGL target not found
Refreshing native plugins compatible for Editor in 113.77 ms, found 3 plugins.
Preloading 0 native plugins for Editor in 0.00 ms.
Mono: successfully reloaded assembly
- Completed reload, in  1.560 seconds
Domain Reload Profiling:
	ReloadAssembly (1562ms)
		BeginReloadAssembly (138ms)
			ExecutionOrderSort (0ms)
			DisableScriptedObjects (0ms)
			BackupInstance (0ms)
			ReleaseScriptingObjects (0ms)
			CreateAndSetChildDomain (3ms)
		EndReloadAssembly (1170ms)
			LoadAssemblies (134ms)
			RebuildTransferFunctionScriptingTraits (0ms)
			SetupTypeCache (132ms)
			ReleaseScriptCaches (0ms)
			RebuildScriptCaches (34ms)
			SetupLoadedEditorAssemblies (847ms)
				LogAssemblyErrors (0ms)
				InitializePlatformSupportModulesInManaged (19ms)
				SetLoadedEditorAssemblies (0ms)
				RefreshPlugins (114ms)
				BeforeProcessingInitializeOnLoad (4ms)
				ProcessInitializeOnLoadAttributes (529ms)
				ProcessInitializeOnLoadMethodAttributes (181ms)
				AfterProcessingInitializeOnLoad (0ms)
				EditorAssembliesLoaded (0ms)
			ExecutionOrderSort2 (0ms)
			AwakeInstancesAfterBackupRestoration (0ms)
Platform modules already initialized, skipping
Registering precompiled user dll's ...
Registered in 0.006383 seconds.
Begin MonoManager ReloadAssembly
Symbol file LoadedFromMemory doesn't match image /Users/alanlee/Desktop/CS program/Flappy Bird (Unity)/Library/PackageCache/com.unity.visualscripting@1.7.6/Editor/VisualScripting.Core/Dependencies/YamlDotNet/Unity.VisualScripting.YamlDotNet.dll
Symbol file LoadedFromMemory is not a mono symbol file
Symbol file LoadedFromMemory doesn't match image /Users/alanlee/Desktop/CS program/Flappy Bird (Unity)/Library/PackageCache/com.unity.visualscripting@1.7.6/Editor/VisualScripting.Core/Dependencies/DotNetZip/Unity.VisualScripting.IonicZip.dll
Native extension for OSXStandalone target not found
Native extension for WebGL target not found
Refreshing native plugins compatible for Editor in 104.29 ms, found 3 plugins.
Preloading 0 native plugins for Editor in 0.00 ms.
Mono: successfully reloaded assembly
- Completed reload, in  2.536 seconds
Domain Reload Profiling:
	ReloadAssembly (2538ms)
		BeginReloadAssembly (236ms)
			ExecutionOrderSort (0ms)
			DisableScriptedObjects (38ms)
			BackupInstance (0ms)
			ReleaseScriptingObjects (0ms)
			CreateAndSetChildDomain (32ms)
		EndReloadAssembly (1998ms)
			LoadAssemblies (132ms)
			RebuildTransferFunctionScriptingTraits (0ms)
			SetupTypeCache (286ms)
			ReleaseScriptCaches (1ms)
			RebuildScriptCaches (62ms)
			SetupLoadedEditorAssemblies (1301ms)
				LogAssemblyErrors (0ms)
				InitializePlatformSupportModulesInManaged (12ms)
				SetLoadedEditorAssemblies (0ms)
				RefreshPlugins (104ms)
				BeforeProcessingInitializeOnLoad (147ms)
				ProcessInitializeOnLoadAttributes (893ms)
				ProcessInitializeOnLoadMethodAttributes (143ms)
				AfterProcessingInitializeOnLoad (1ms)
				EditorAssembliesLoaded (0ms)
			ExecutionOrderSort2 (0ms)
			AwakeInstancesAfterBackupRestoration (12ms)
Platform modules already initialized, skipping
========================================================================
Worker process is ready to serve import requests
Launching external process: /Applications/Unity/Hub/Editor/2021.3.1f1/Unity.app/Contents/Tools/UnityShaderCompiler
Launched and connected shader compiler UnityShaderCompiler after 0.07 seconds
Refreshing native plugins compatible for Editor in 0.71 ms, found 3 plugins.
Preloading 0 native plugins for Editor in 0.00 ms.
Unloading 3930 Unused Serialized files (Serialized files now loaded: 0)
Unloading 35 unused Assets / (73.1 KB). Loaded Objects now: 4390.
Memory consumption went from 313.8 MB to 313.7 MB.
Total: 3.059667 ms (FindLiveObjects: 0.211250 ms CreateObjectMapping: 0.094625 ms MarkObjects: 2.631541 ms  DeleteObjects: 0.121125 ms)

AssetImportParameters requested are different than current active one (requested -> active):
  custom:video-decoder-ogg-theora: a1e56fd34408186e4bbccfd4996cb3dc -> 
  custom:container-muxer-webm: aa71ff27fc2769a1b78a27578f13a17b -> 
  custom:container-demuxer-webm: 4f35f7cbe854078d1ac9338744f61a02 -> 
  custom:video-encoder-webm-vp8: eb34c28f22e8b96e1ab97ce403110664 -> 
  custom:framework-osx-AVFoundation: e770b220cccbd017edd2c1fefb359320 -> 
  custom:audio-encoder-webm-vorbis: bf7c407c2cedff20999df2af8eb42d56 -> 
  custom:container-demuxer-ogg: 62fdf1f143b41e24485cea50d1cbac27 -> 
  custom:video-decoder-webm-vp8: 9c59270c3fd7afecdb556c50c9e8de78 -> 
  custom:audio-decoder-ogg-vorbis: bf7c407c2cedff20999df2af8eb42d56 -> 
========================================================================
Received Import Request.
  Time since last request: 88664.921304 seconds.
  path: Assets/TextMesh Pro
  artifactKey: Guid(f54d1bd14bd3ca042bd867b519fee8cc) Importer(815301076,1909f56bfc062723c751e8b465ee728b)
Start importing Assets/TextMesh Pro using Guid(f54d1bd14bd3ca042bd867b519fee8cc) Importer(815301076,1909f56bfc062723c751e8b465ee728b)  -> (artifact id: 'f5648c5ef36b7beab651a001a8d08867') in 0.009894 seconds 
========================================================================
Received Import Request.
  Time since last request: 0.000513 seconds.
  path: Assets/Spirits
  artifactKey: Guid(cff66bb0988134945840d00bdb6fdda6) Importer(815301076,1909f56bfc062723c751e8b465ee728b)
Start importing Assets/Spirits using Guid(cff66bb0988134945840d00bdb6fdda6) Importer(815301076,1909f56bfc062723c751e8b465ee728b)  -> (artifact id: 'e78f416fd133315249a8633f6ebcb750') in 0.000505 seconds 
========================================================================
Received Import Request.
  Time since last request: 0.000063 seconds.
  path: Assets/Animation
  artifactKey: Guid(82e8daca9008c4daf999ac94a997a957) Importer(815301076,1909f56bfc062723c751e8b465ee728b)
Start importing Assets/Animation using Guid(82e8daca9008c4daf999ac94a997a957) Importer(815301076,1909f56bfc062723c751e8b465ee728b)  -> (artifact id: '8b3a0b66d2544f34f76d69378fd0fdf8') in 0.000667 seconds 
========================================================================
Received Import Request.
  Time since last request: 0.218227 seconds.
  path: Assets/Script
  artifactKey: Guid(63e3aa4f8c08f415d99a38458c602734) Importer(815301076,1909f56bfc062723c751e8b465ee728b)
Start importing Assets/Script using Guid(63e3aa4f8c08f415d99a38458c602734) Importer(815301076,1909f56bfc062723c751e8b465ee728b)  -> (artifact id: '0abd532f4263e159df800a77204b0946') in 0.000794 seconds 
========================================================================
Received Import Request.
  Time since last request: 0.901127 seconds.
  path: Assets/Scenes
  artifactKey: Guid(131a6b21c8605f84396be9f6751fb6e3) Importer(815301076,1909f56bfc062723c751e8b465ee728b)
Start importing Assets/Scenes using Guid(131a6b21c8605f84396be9f6751fb6e3) Importer(815301076,1909f56bfc062723c751e8b465ee728b)  -> (artifact id: '2c23e514d24f6b65fe96946cd87fc526') in 0.001005 seconds 
========================================================================
Received Import Request.
  Time since last request: 3.967250 seconds.
  path: Assets/Script/Bird.cs
  artifactKey: Guid(302651cfdd28b4dfcb5f3c48dd564abc) Importer(815301076,1909f56bfc062723c751e8b465ee728b)
Start importing Assets/Script/Bird.cs using Guid(302651cfdd28b4dfcb5f3c48dd564abc) Importer(815301076,1909f56bfc062723c751e8b465ee728b)  -> (artifact id: 'b06a659c0578ade7f72655856352edba') in 0.080626 seconds 
========================================================================
Received Import Request.
  Time since last request: 5.389918 seconds.
  path: Assets/Audio/Assets_Audio_flap_sfx.ogg
  artifactKey: Guid(31b4739e2051b44e4a4a0442dff8b40b) Importer(815301076,1909f56bfc062723c751e8b465ee728b)
Start importing Assets/Audio/Assets_Audio_flap_sfx.ogg using Guid(31b4739e2051b44e4a4a0442dff8b40b) Importer(815301076,1909f56bfc062723c751e8b465ee728b)  -> (artifact id: '8e4e006687c8f3f08964dc529f3ca0b2') in 0.319051 seconds 
========================================================================
Received Import Request.
  Time since last request: 0.000089 seconds.
  path: Assets/Audio/Assets_Audio_score_sfx.ogg
  artifactKey: Guid(11a53244f095f4f61845faddb1f92e2a) Importer(815301076,1909f56bfc062723c751e8b465ee728b)
Start importing Assets/Audio/Assets_Audio_score_sfx.ogg using Guid(11a53244f095f4f61845faddb1f92e2a) Importer(815301076,1909f56bfc062723c751e8b465ee728b)  -> (artifact id: '0b6d589779de3979182a74f3ccb40869') in 0.011702 seconds 
========================================================================
Received Import Request.
  Time since last request: 0.242086 seconds.
  path: Assets/Prefabs/Ground.prefab
  artifactKey: Guid(e16af634bb8f044f4a654dd6e0d10678) Importer(815301076,1909f56bfc062723c751e8b465ee728b)
Start importing Assets/Prefabs/Ground.prefab using Guid(e16af634bb8f044f4a654dd6e0d10678) Importer(815301076,1909f56bfc062723c751e8b465ee728b)  -> (artifact id: '166b6debf928951ce28383b2992bc849') in 0.798274 seconds 
========================================================================
Received Import Request.
  Time since last request: 0.721176 seconds.
  path: Assets/Spirits/Background.png
  artifactKey: Guid(fd518f6a3bf794dcb9f74b06e2f58f80) Importer(815301076,1909f56bfc062723c751e8b465ee728b)
Start importing Assets/Spirits/Background.png using Guid(fd518f6a3bf794dcb9f74b06e2f58f80) Importer(815301076,1909f56bfc062723c751e8b465ee728b)  -> (artifact id: 'dfc8032cf2ff982ecb6d8c5a0963ee42') in 0.479352 seconds 
========================================================================
Received Import Request.
  Time since last request: 0.000107 seconds.
  path: Assets/Spirits/Red_Bird.png
  artifactKey: Guid(304165956e3b848dcb5d186a67aae256) Importer(815301076,1909f56bfc062723c751e8b465ee728b)
Start importing Assets/Spirits/Red_Bird.png using Guid(304165956e3b848dcb5d186a67aae256) Importer(815301076,1909f56bfc062723c751e8b465ee728b)  -> (artifact id: '5e5f562ccd72c24862151f1b6268d060') in 0.082835 seconds 
========================================================================
Received Import Request.
  Time since last request: 0.765934 seconds.
  path: Assets/UI Toolkit/PanelSettings.asset
  artifactKey: Guid(1cdac9c0a43e549e7afca191a116439b) Importer(815301076,1909f56bfc062723c751e8b465ee728b)
Start importing Assets/UI Toolkit/PanelSettings.asset using Guid(1cdac9c0a43e549e7afca191a116439b) Importer(815301076,1909f56bfc062723c751e8b465ee728b)  -> (artifact id: 'e5f694e62682d2db392fcdfd43808127') in 0.089968 seconds 
